<?xml version="1.0" encoding="UTF-8" ?>
<testsuite tests="10" failures="0" name="com.sg.summativem3.vendingmachine.servicelayer.VendingMachineServiceLayerTest" time="0.005" errors="0" skipped="0">
  <properties>
    <property name="java.runtime.name" value="OpenJDK Runtime Environment"/>
    <property name="java.vm.version" value="13.0.2+8"/>
    <property name="sun.boot.library.path" value="/Library/Java/JavaVirtualMachines/adoptopenjdk-13.jdk/Contents/Home/lib"/>
    <property name="maven.multiModuleProjectDirectory" value="/Users/ashleytulloch/Documents/Dev10/java-dal-0120-atulloch11/Summatives/m3-summative/VendingMachine"/>
    <property name="java.vm.vendor" value="AdoptOpenJDK"/>
    <property name="java.vendor.url" value="https://adoptopenjdk.net/"/>
    <property name="guice.disable.misplaced.annotation.check" value="true"/>
    <property name="path.separator" value=":"/>
    <property name="java.vm.name" value="OpenJDK 64-Bit Server VM"/>
    <property name="user.country" value="US"/>
    <property name="sun.java.launcher" value="SUN_STANDARD"/>
    <property name="java.vm.specification.name" value="Java Virtual Machine Specification"/>
    <property name="user.dir" value="/Users/ashleytulloch/Documents/Dev10/java-dal-0120-atulloch11/Summatives/m3-summative/VendingMachine"/>
    <property name="java.vm.compressedOopsMode" value="Zero based"/>
    <property name="java.runtime.version" value="13.0.2+8"/>
    <property name="os.arch" value="x86_64"/>
    <property name="java.io.tmpdir" value="/var/folders/mq/kkdw4m8s7sbbljzvdwdldtj00000gn/T/"/>
    <property name="line.separator" value="
"/>
    <property name="java.vm.specification.vendor" value="Oracle Corporation"/>
    <property name="os.name" value="Mac OS X"/>
    <property name="maven.ext.class.path" value="/Users/ashleytulloch/Documents/Dev10/netbeans/java/maven-nblib/netbeans-eventspy.jar"/>
    <property name="classworlds.conf" value="/Users/ashleytulloch/Documents/Dev10/netbeans/java/maven/bin/m2.conf"/>
    <property name="sun.jnu.encoding" value="UTF-8"/>
    <property name="java.library.path" value="/Users/ashleytulloch/Library/Java/Extensions:/Library/Java/Extensions:/Network/Library/Java/Extensions:/System/Library/Java/Extensions:/usr/lib/java:."/>
    <property name="jdk.debug" value="release"/>
    <property name="java.class.version" value="57.0"/>
    <property name="java.specification.name" value="Java Platform API Specification"/>
    <property name="sun.management.compiler" value="HotSpot 64-Bit Tiered Compilers"/>
    <property name="os.version" value="10.14.5"/>
    <property name="http.nonProxyHosts" value="local|*.local|169.254/16|*.169.254/16"/>
    <property name="user.home" value="/Users/ashleytulloch"/>
    <property name="user.timezone" value="America/Chicago"/>
    <property name="file.encoding" value="UTF-8"/>
    <property name="java.specification.version" value="13"/>
    <property name="user.name" value="ashleytulloch"/>
    <property name="java.class.path" value="/Users/ashleytulloch/Documents/Dev10/netbeans/java/maven/boot/plexus-classworlds-2.5.2.jar"/>
    <property name="java.vm.specification.version" value="13"/>
    <property name="sun.arch.data.model" value="64"/>
    <property name="sun.java.command" value="org.codehaus.plexus.classworlds.launcher.Launcher -Dmaven.ext.class.path=/Users/ashleytulloch/Documents/Dev10/netbeans/java/maven-nblib/netbeans-eventspy.jar install"/>
    <property name="java.home" value="/Library/Java/JavaVirtualMachines/adoptopenjdk-13.jdk/Contents/Home"/>
    <property name="user.language" value="en"/>
    <property name="java.specification.vendor" value="Oracle Corporation"/>
    <property name="java.vm.info" value="mixed mode, sharing"/>
    <property name="java.version" value="13.0.2"/>
    <property name="java.vendor" value="AdoptOpenJDK"/>
    <property name="maven.home" value="/Users/ashleytulloch/Documents/Dev10/netbeans/java/maven"/>
    <property name="file.separator" value="/"/>
    <property name="java.version.date" value="2020-01-14"/>
    <property name="java.vendor.url.bug" value="https://github.com/AdoptOpenJDK/openjdk-support/issues"/>
    <property name="sun.io.unicode.encoding" value="UnicodeBig"/>
    <property name="sun.cpu.endian" value="little"/>
    <property name="java.vendor.version" value="AdoptOpenJDK"/>
    <property name="socksNonProxyHosts" value="local|*.local|169.254/16|*.169.254/16"/>
    <property name="ftp.nonProxyHosts" value="local|*.local|169.254/16|*.169.254/16"/>
  </properties>
  <testcase classname="com.sg.summativem3.vendingmachine.servicelayer.VendingMachineServiceLayerTest" name="com.sg.summativem3.vendingmachine.servicelayer.VendingMachineServiceLayerTest.testPurchaseVending" time="0"/>
  <testcase classname="com.sg.summativem3.vendingmachine.servicelayer.VendingMachineServiceLayerTest" name="com.sg.summativem3.vendingmachine.servicelayer.VendingMachineServiceLayerTest.testAddMoney" time="0"/>
  <testcase classname="com.sg.summativem3.vendingmachine.servicelayer.VendingMachineServiceLayerTest" name="com.sg.summativem3.vendingmachine.servicelayer.VendingMachineServiceLayerTest.testGetVending" time="0"/>
  <testcase classname="com.sg.summativem3.vendingmachine.servicelayer.VendingMachineServiceLayerTest" name="com.sg.summativem3.vendingmachine.servicelayer.VendingMachineServiceLayerTest.testGetAmountOfCoins" time="0"/>
  <testcase classname="com.sg.summativem3.vendingmachine.servicelayer.VendingMachineServiceLayerTest" name="com.sg.summativem3.vendingmachine.servicelayer.VendingMachineServiceLayerTest.testUpdateItem" time="0"/>
  <testcase classname="com.sg.summativem3.vendingmachine.servicelayer.VendingMachineServiceLayerTest" name="com.sg.summativem3.vendingmachine.servicelayer.VendingMachineServiceLayerTest.testValidateStock" time="0"/>
  <testcase classname="com.sg.summativem3.vendingmachine.servicelayer.VendingMachineServiceLayerTest" name="com.sg.summativem3.vendingmachine.servicelayer.VendingMachineServiceLayerTest.testValidateMoney" time="0"/>
  <testcase classname="com.sg.summativem3.vendingmachine.servicelayer.VendingMachineServiceLayerTest" name="com.sg.summativem3.vendingmachine.servicelayer.VendingMachineServiceLayerTest.testInsufficientFunds" time="0"/>
  <testcase classname="com.sg.summativem3.vendingmachine.servicelayer.VendingMachineServiceLayerTest" name="com.sg.summativem3.vendingmachine.servicelayer.VendingMachineServiceLayerTest.testNoItemInventoryException" time="0.005"/>
  <testcase classname="com.sg.summativem3.vendingmachine.servicelayer.VendingMachineServiceLayerTest" name="com.sg.summativem3.vendingmachine.servicelayer.VendingMachineServiceLayerTest.testGetAllItems" time="0"/>
</testsuite>