<?xml version="1.0" encoding="UTF-8"?>
<testsuite xmlns:xsi="http://www.w3.org/2001/XMLSchema-instance" xsi:noNamespaceSchemaLocation="https://maven.apache.org/surefire/maven-surefire-plugin/xsd/surefire-test-report-3.0.xsd" version="3.0" name="com.sg.dvdlibrary.service.DVDLibraryServiceLayerTest" time="0.925" tests="7" errors="7" skipped="0" failures="0">
  <properties>
    <property name="java.specification.version" value="13"/>
    <property name="sun.jnu.encoding" value="UTF-8"/>
    <property name="java.class.path" value="/Users/ashleytulloch/Documents/Dev10/java-dal-0120-atulloch11/Summatives/m2-summative/DVDLibrary/target/test-classes:/Users/ashleytulloch/Documents/Dev10/java-dal-0120-atulloch11/Summatives/m2-summative/DVDLibrary/target/classes:/Users/ashleytulloch/.m2/repository/org/springframework/spring-context/4.3.4.RELEASE/spring-context-4.3.4.RELEASE.jar:/Users/ashleytulloch/.m2/repository/org/springframework/spring-aop/4.3.4.RELEASE/spring-aop-4.3.4.RELEASE.jar:/Users/ashleytulloch/.m2/repository/org/springframework/spring-beans/4.3.4.RELEASE/spring-beans-4.3.4.RELEASE.jar:/Users/ashleytulloch/.m2/repository/org/springframework/spring-core/4.3.4.RELEASE/spring-core-4.3.4.RELEASE.jar:/Users/ashleytulloch/.m2/repository/commons-logging/commons-logging/1.2/commons-logging-1.2.jar:/Users/ashleytulloch/.m2/repository/org/springframework/spring-expression/4.3.4.RELEASE/spring-expression-4.3.4.RELEASE.jar:/Users/ashleytulloch/.m2/repository/org/apache/poi/poi/3.12/poi-3.12.jar:/Users/ashleytulloch/.m2/repository/commons-codec/commons-codec/1.9/commons-codec-1.9.jar:/Users/ashleytulloch/.m2/repository/org/apache/poi/poi-ooxml/3.12/poi-ooxml-3.12.jar:/Users/ashleytulloch/.m2/repository/org/apache/poi/poi-ooxml-schemas/3.12/poi-ooxml-schemas-3.12.jar:/Users/ashleytulloch/.m2/repository/org/apache/xmlbeans/xmlbeans/2.6.0/xmlbeans-2.6.0.jar:/Users/ashleytulloch/.m2/repository/stax/stax-api/1.0.1/stax-api-1.0.1.jar:/Users/ashleytulloch/.m2/repository/org/junit/jupiter/junit-jupiter-api/5.3.1/junit-jupiter-api-5.3.1.jar:/Users/ashleytulloch/.m2/repository/org/apiguardian/apiguardian-api/1.0.0/apiguardian-api-1.0.0.jar:/Users/ashleytulloch/.m2/repository/org/opentest4j/opentest4j/1.1.1/opentest4j-1.1.1.jar:/Users/ashleytulloch/.m2/repository/org/junit/platform/junit-platform-commons/1.3.1/junit-platform-commons-1.3.1.jar:/Users/ashleytulloch/.m2/repository/org/junit/jupiter/junit-jupiter-params/5.3.1/junit-jupiter-params-5.3.1.jar:/Users/ashleytulloch/.m2/repository/org/junit/jupiter/junit-jupiter-engine/5.3.1/junit-jupiter-engine-5.3.1.jar:/Users/ashleytulloch/.m2/repository/org/junit/platform/junit-platform-engine/1.3.1/junit-platform-engine-1.3.1.jar:"/>
    <property name="java.vm.vendor" value="AdoptOpenJDK"/>
    <property name="sun.arch.data.model" value="64"/>
    <property name="java.vendor.url" value="https://adoptopenjdk.net/"/>
    <property name="os.name" value="Mac OS X"/>
    <property name="java.vm.specification.version" value="13"/>
    <property name="user.country" value="US"/>
    <property name="sun.java.launcher" value="SUN_STANDARD"/>
    <property name="sun.boot.library.path" value="/Library/Java/JavaVirtualMachines/adoptopenjdk-13.jdk/Contents/Home/lib"/>
    <property name="sun.java.command" value="/Users/ashleytulloch/Documents/Dev10/java-dal-0120-atulloch11/Summatives/m2-summative/DVDLibrary/target/surefire/surefirebooter14657774636385789448.jar /Users/ashleytulloch/Documents/Dev10/java-dal-0120-atulloch11/Summatives/m2-summative/DVDLibrary/target/surefire 2020-02-27T13-47-20_685-jvmRun1 surefire12192366623275165471tmp surefire_06237934111015124965tmp"/>
    <property name="http.nonProxyHosts" value="local|*.local|169.254/16|*.169.254/16"/>
    <property name="jdk.debug" value="release"/>
    <property name="surefire.test.class.path" value="/Users/ashleytulloch/Documents/Dev10/java-dal-0120-atulloch11/Summatives/m2-summative/DVDLibrary/target/test-classes:/Users/ashleytulloch/Documents/Dev10/java-dal-0120-atulloch11/Summatives/m2-summative/DVDLibrary/target/classes:/Users/ashleytulloch/.m2/repository/org/springframework/spring-context/4.3.4.RELEASE/spring-context-4.3.4.RELEASE.jar:/Users/ashleytulloch/.m2/repository/org/springframework/spring-aop/4.3.4.RELEASE/spring-aop-4.3.4.RELEASE.jar:/Users/ashleytulloch/.m2/repository/org/springframework/spring-beans/4.3.4.RELEASE/spring-beans-4.3.4.RELEASE.jar:/Users/ashleytulloch/.m2/repository/org/springframework/spring-core/4.3.4.RELEASE/spring-core-4.3.4.RELEASE.jar:/Users/ashleytulloch/.m2/repository/commons-logging/commons-logging/1.2/commons-logging-1.2.jar:/Users/ashleytulloch/.m2/repository/org/springframework/spring-expression/4.3.4.RELEASE/spring-expression-4.3.4.RELEASE.jar:/Users/ashleytulloch/.m2/repository/org/apache/poi/poi/3.12/poi-3.12.jar:/Users/ashleytulloch/.m2/repository/commons-codec/commons-codec/1.9/commons-codec-1.9.jar:/Users/ashleytulloch/.m2/repository/org/apache/poi/poi-ooxml/3.12/poi-ooxml-3.12.jar:/Users/ashleytulloch/.m2/repository/org/apache/poi/poi-ooxml-schemas/3.12/poi-ooxml-schemas-3.12.jar:/Users/ashleytulloch/.m2/repository/org/apache/xmlbeans/xmlbeans/2.6.0/xmlbeans-2.6.0.jar:/Users/ashleytulloch/.m2/repository/stax/stax-api/1.0.1/stax-api-1.0.1.jar:/Users/ashleytulloch/.m2/repository/org/junit/jupiter/junit-jupiter-api/5.3.1/junit-jupiter-api-5.3.1.jar:/Users/ashleytulloch/.m2/repository/org/apiguardian/apiguardian-api/1.0.0/apiguardian-api-1.0.0.jar:/Users/ashleytulloch/.m2/repository/org/opentest4j/opentest4j/1.1.1/opentest4j-1.1.1.jar:/Users/ashleytulloch/.m2/repository/org/junit/platform/junit-platform-commons/1.3.1/junit-platform-commons-1.3.1.jar:/Users/ashleytulloch/.m2/repository/org/junit/jupiter/junit-jupiter-params/5.3.1/junit-jupiter-params-5.3.1.jar:/Users/ashleytulloch/.m2/repository/org/junit/jupiter/junit-jupiter-engine/5.3.1/junit-jupiter-engine-5.3.1.jar:/Users/ashleytulloch/.m2/repository/org/junit/platform/junit-platform-engine/1.3.1/junit-platform-engine-1.3.1.jar:"/>
    <property name="sun.cpu.endian" value="little"/>
    <property name="user.home" value="/Users/ashleytulloch"/>
    <property name="user.language" value="en"/>
    <property name="java.specification.vendor" value="Oracle Corporation"/>
    <property name="java.version.date" value="2020-01-14"/>
    <property name="java.home" value="/Library/Java/JavaVirtualMachines/adoptopenjdk-13.jdk/Contents/Home"/>
    <property name="file.separator" value="/"/>
    <property name="basedir" value="/Users/ashleytulloch/Documents/Dev10/java-dal-0120-atulloch11/Summatives/m2-summative/DVDLibrary"/>
    <property name="java.vm.compressedOopsMode" value="Zero based"/>
    <property name="line.separator" value="&#10;"/>
    <property name="java.specification.name" value="Java Platform API Specification"/>
    <property name="java.vm.specification.vendor" value="Oracle Corporation"/>
    <property name="surefire.real.class.path" value="/Users/ashleytulloch/Documents/Dev10/java-dal-0120-atulloch11/Summatives/m2-summative/DVDLibrary/target/surefire/surefirebooter14657774636385789448.jar"/>
    <property name="sun.management.compiler" value="HotSpot 64-Bit Tiered Compilers"/>
    <property name="ftp.nonProxyHosts" value="local|*.local|169.254/16|*.169.254/16"/>
    <property name="java.runtime.version" value="13.0.2+8"/>
    <property name="user.name" value="ashleytulloch"/>
    <property name="path.separator" value=":"/>
    <property name="os.version" value="10.14.5"/>
    <property name="java.runtime.name" value="OpenJDK Runtime Environment"/>
    <property name="file.encoding" value="UTF-8"/>
    <property name="java.vm.name" value="OpenJDK 64-Bit Server VM"/>
    <property name="java.vendor.version" value="AdoptOpenJDK"/>
    <property name="maven.ext.class.path" value="/Users/ashleytulloch/Documents/Dev10/netbeans/java/maven-nblib/netbeans-eventspy.jar"/>
    <property name="localRepository" value="/Users/ashleytulloch/.m2/repository"/>
    <property name="java.vendor.url.bug" value="https://github.com/AdoptOpenJDK/openjdk-support/issues"/>
    <property name="java.io.tmpdir" value="/var/folders/mq/kkdw4m8s7sbbljzvdwdldtj00000gn/T/"/>
    <property name="java.version" value="13.0.2"/>
    <property name="user.dir" value="/Users/ashleytulloch/Documents/Dev10/java-dal-0120-atulloch11/Summatives/m2-summative/DVDLibrary"/>
    <property name="os.arch" value="x86_64"/>
    <property name="java.vm.specification.name" value="Java Virtual Machine Specification"/>
    <property name="java.library.path" value="/Users/ashleytulloch/Library/Java/Extensions:/Library/Java/Extensions:/Network/Library/Java/Extensions:/System/Library/Java/Extensions:/usr/lib/java:."/>
    <property name="java.vm.info" value="mixed mode, sharing"/>
    <property name="java.vendor" value="AdoptOpenJDK"/>
    <property name="java.vm.version" value="13.0.2+8"/>
    <property name="sun.io.unicode.encoding" value="UnicodeBig"/>
    <property name="socksNonProxyHosts" value="local|*.local|169.254/16|*.169.254/16"/>
    <property name="java.class.version" value="57.0"/>
  </properties>
  <testcase name="testLoadLibrary" classname="com.sg.dvdlibrary.service.DVDLibraryServiceLayerTest" time="0.015">
    <error message="Line 27 in XML document from class path resource [applicationContext.xml] is invalid; nested exception is org.xml.sax.SAXParseException; lineNumber: 27; columnNumber: 62; cvc-complex-type.2.4.a: Invalid content was found starting with element &apos;{&quot;http://www.springframework.org/schema/beans&quot;:bean}&apos;. One of &apos;{&quot;http://www.springframework.org/schema/beans&quot;:description, &quot;http://www.springframework.org/schema/beans&quot;:meta, &quot;http://www.springframework.org/schema/beans&quot;:constructor-arg, &quot;http://www.springframework.org/schema/beans&quot;:property, &quot;http://www.springframework.org/schema/beans&quot;:qualifier, &quot;http://www.springframework.org/schema/beans&quot;:lookup-method, &quot;http://www.springframework.org/schema/beans&quot;:replaced-method, WC[##other:&quot;http://www.springframework.org/schema/beans&quot;]}&apos; is expected." type="org.springframework.beans.factory.xml.XmlBeanDefinitionStoreException"><![CDATA[org.springframework.beans.factory.xml.XmlBeanDefinitionStoreException: Line 27 in XML document from class path resource [applicationContext.xml] is invalid; nested exception is org.xml.sax.SAXParseException; lineNumber: 27; columnNumber: 62; cvc-complex-type.2.4.a: Invalid content was found starting with element '{"http://www.springframework.org/schema/beans":bean}'. One of '{"http://www.springframework.org/schema/beans":description, "http://www.springframework.org/schema/beans":meta, "http://www.springframework.org/schema/beans":constructor-arg, "http://www.springframework.org/schema/beans":property, "http://www.springframework.org/schema/beans":qualifier, "http://www.springframework.org/schema/beans":lookup-method, "http://www.springframework.org/schema/beans":replaced-method, WC[##other:"http://www.springframework.org/schema/beans"]}' is expected.
	at com.sg.dvdlibrary.service.DVDLibraryServiceLayerTest.<init>(DVDLibraryServiceLayerTest.java:32)
Caused by: org.xml.sax.SAXParseException: cvc-complex-type.2.4.a: Invalid content was found starting with element '{"http://www.springframework.org/schema/beans":bean}'. One of '{"http://www.springframework.org/schema/beans":description, "http://www.springframework.org/schema/beans":meta, "http://www.springframework.org/schema/beans":constructor-arg, "http://www.springframework.org/schema/beans":property, "http://www.springframework.org/schema/beans":qualifier, "http://www.springframework.org/schema/beans":lookup-method, "http://www.springframework.org/schema/beans":replaced-method, WC[##other:"http://www.springframework.org/schema/beans"]}' is expected.
	at com.sg.dvdlibrary.service.DVDLibraryServiceLayerTest.<init>(DVDLibraryServiceLayerTest.java:32)
]]></error>
    <system-err><![CDATA[Feb 27, 2020 1:47:23 PM org.springframework.context.support.ClassPathXmlApplicationContext prepareRefresh
INFO: Refreshing org.springframework.context.support.ClassPathXmlApplicationContext@1c72da34: startup date [Thu Feb 27 13:47:23 CST 2020]; root of context hierarchy
Feb 27, 2020 1:47:23 PM org.springframework.beans.factory.xml.XmlBeanDefinitionReader loadBeanDefinitions
INFO: Loading XML bean definitions from class path resource [applicationContext.xml]
]]></system-err>
  </testcase>
  <testcase name="testGetAllDVDs" classname="com.sg.dvdlibrary.service.DVDLibraryServiceLayerTest" time="0">
    <error message="Line 27 in XML document from class path resource [applicationContext.xml] is invalid; nested exception is org.xml.sax.SAXParseException; lineNumber: 27; columnNumber: 62; cvc-complex-type.2.4.a: Invalid content was found starting with element &apos;{&quot;http://www.springframework.org/schema/beans&quot;:bean}&apos;. One of &apos;{&quot;http://www.springframework.org/schema/beans&quot;:description, &quot;http://www.springframework.org/schema/beans&quot;:meta, &quot;http://www.springframework.org/schema/beans&quot;:constructor-arg, &quot;http://www.springframework.org/schema/beans&quot;:property, &quot;http://www.springframework.org/schema/beans&quot;:qualifier, &quot;http://www.springframework.org/schema/beans&quot;:lookup-method, &quot;http://www.springframework.org/schema/beans&quot;:replaced-method, WC[##other:&quot;http://www.springframework.org/schema/beans&quot;]}&apos; is expected." type="org.springframework.beans.factory.xml.XmlBeanDefinitionStoreException"><![CDATA[org.springframework.beans.factory.xml.XmlBeanDefinitionStoreException: Line 27 in XML document from class path resource [applicationContext.xml] is invalid; nested exception is org.xml.sax.SAXParseException; lineNumber: 27; columnNumber: 62; cvc-complex-type.2.4.a: Invalid content was found starting with element '{"http://www.springframework.org/schema/beans":bean}'. One of '{"http://www.springframework.org/schema/beans":description, "http://www.springframework.org/schema/beans":meta, "http://www.springframework.org/schema/beans":constructor-arg, "http://www.springframework.org/schema/beans":property, "http://www.springframework.org/schema/beans":qualifier, "http://www.springframework.org/schema/beans":lookup-method, "http://www.springframework.org/schema/beans":replaced-method, WC[##other:"http://www.springframework.org/schema/beans"]}' is expected.
	at com.sg.dvdlibrary.service.DVDLibraryServiceLayerTest.<init>(DVDLibraryServiceLayerTest.java:32)
Caused by: org.xml.sax.SAXParseException: cvc-complex-type.2.4.a: Invalid content was found starting with element '{"http://www.springframework.org/schema/beans":bean}'. One of '{"http://www.springframework.org/schema/beans":description, "http://www.springframework.org/schema/beans":meta, "http://www.springframework.org/schema/beans":constructor-arg, "http://www.springframework.org/schema/beans":property, "http://www.springframework.org/schema/beans":qualifier, "http://www.springframework.org/schema/beans":lookup-method, "http://www.springframework.org/schema/beans":replaced-method, WC[##other:"http://www.springframework.org/schema/beans"]}' is expected.
	at com.sg.dvdlibrary.service.DVDLibraryServiceLayerTest.<init>(DVDLibraryServiceLayerTest.java:32)
]]></error>
    <system-err><![CDATA[Feb 27, 2020 1:47:23 PM org.springframework.context.support.ClassPathXmlApplicationContext prepareRefresh
INFO: Refreshing org.springframework.context.support.ClassPathXmlApplicationContext@2cdd0d4b: startup date [Thu Feb 27 13:47:23 CST 2020]; root of context hierarchy
Feb 27, 2020 1:47:23 PM org.springframework.beans.factory.xml.XmlBeanDefinitionReader loadBeanDefinitions
INFO: Loading XML bean definitions from class path resource [applicationContext.xml]
]]></system-err>
  </testcase>
  <testcase name="testWriteLibrary" classname="com.sg.dvdlibrary.service.DVDLibraryServiceLayerTest" time="0">
    <error message="Line 27 in XML document from class path resource [applicationContext.xml] is invalid; nested exception is org.xml.sax.SAXParseException; lineNumber: 27; columnNumber: 62; cvc-complex-type.2.4.a: Invalid content was found starting with element &apos;{&quot;http://www.springframework.org/schema/beans&quot;:bean}&apos;. One of &apos;{&quot;http://www.springframework.org/schema/beans&quot;:description, &quot;http://www.springframework.org/schema/beans&quot;:meta, &quot;http://www.springframework.org/schema/beans&quot;:constructor-arg, &quot;http://www.springframework.org/schema/beans&quot;:property, &quot;http://www.springframework.org/schema/beans&quot;:qualifier, &quot;http://www.springframework.org/schema/beans&quot;:lookup-method, &quot;http://www.springframework.org/schema/beans&quot;:replaced-method, WC[##other:&quot;http://www.springframework.org/schema/beans&quot;]}&apos; is expected." type="org.springframework.beans.factory.xml.XmlBeanDefinitionStoreException"><![CDATA[org.springframework.beans.factory.xml.XmlBeanDefinitionStoreException: Line 27 in XML document from class path resource [applicationContext.xml] is invalid; nested exception is org.xml.sax.SAXParseException; lineNumber: 27; columnNumber: 62; cvc-complex-type.2.4.a: Invalid content was found starting with element '{"http://www.springframework.org/schema/beans":bean}'. One of '{"http://www.springframework.org/schema/beans":description, "http://www.springframework.org/schema/beans":meta, "http://www.springframework.org/schema/beans":constructor-arg, "http://www.springframework.org/schema/beans":property, "http://www.springframework.org/schema/beans":qualifier, "http://www.springframework.org/schema/beans":lookup-method, "http://www.springframework.org/schema/beans":replaced-method, WC[##other:"http://www.springframework.org/schema/beans"]}' is expected.
	at com.sg.dvdlibrary.service.DVDLibraryServiceLayerTest.<init>(DVDLibraryServiceLayerTest.java:32)
Caused by: org.xml.sax.SAXParseException: cvc-complex-type.2.4.a: Invalid content was found starting with element '{"http://www.springframework.org/schema/beans":bean}'. One of '{"http://www.springframework.org/schema/beans":description, "http://www.springframework.org/schema/beans":meta, "http://www.springframework.org/schema/beans":constructor-arg, "http://www.springframework.org/schema/beans":property, "http://www.springframework.org/schema/beans":qualifier, "http://www.springframework.org/schema/beans":lookup-method, "http://www.springframework.org/schema/beans":replaced-method, WC[##other:"http://www.springframework.org/schema/beans"]}' is expected.
	at com.sg.dvdlibrary.service.DVDLibraryServiceLayerTest.<init>(DVDLibraryServiceLayerTest.java:32)
]]></error>
    <system-err><![CDATA[Feb 27, 2020 1:47:23 PM org.springframework.context.support.ClassPathXmlApplicationContext prepareRefresh
INFO: Refreshing org.springframework.context.support.ClassPathXmlApplicationContext@2177849e: startup date [Thu Feb 27 13:47:23 CST 2020]; root of context hierarchy
Feb 27, 2020 1:47:23 PM org.springframework.beans.factory.xml.XmlBeanDefinitionReader loadBeanDefinitions
INFO: Loading XML bean definitions from class path resource [applicationContext.xml]
]]></system-err>
  </testcase>
  <testcase name="testCreatDVDDuplicateID" classname="com.sg.dvdlibrary.service.DVDLibraryServiceLayerTest" time="0.001">
    <error message="Line 27 in XML document from class path resource [applicationContext.xml] is invalid; nested exception is org.xml.sax.SAXParseException; lineNumber: 27; columnNumber: 62; cvc-complex-type.2.4.a: Invalid content was found starting with element &apos;{&quot;http://www.springframework.org/schema/beans&quot;:bean}&apos;. One of &apos;{&quot;http://www.springframework.org/schema/beans&quot;:description, &quot;http://www.springframework.org/schema/beans&quot;:meta, &quot;http://www.springframework.org/schema/beans&quot;:constructor-arg, &quot;http://www.springframework.org/schema/beans&quot;:property, &quot;http://www.springframework.org/schema/beans&quot;:qualifier, &quot;http://www.springframework.org/schema/beans&quot;:lookup-method, &quot;http://www.springframework.org/schema/beans&quot;:replaced-method, WC[##other:&quot;http://www.springframework.org/schema/beans&quot;]}&apos; is expected." type="org.springframework.beans.factory.xml.XmlBeanDefinitionStoreException"><![CDATA[org.springframework.beans.factory.xml.XmlBeanDefinitionStoreException: Line 27 in XML document from class path resource [applicationContext.xml] is invalid; nested exception is org.xml.sax.SAXParseException; lineNumber: 27; columnNumber: 62; cvc-complex-type.2.4.a: Invalid content was found starting with element '{"http://www.springframework.org/schema/beans":bean}'. One of '{"http://www.springframework.org/schema/beans":description, "http://www.springframework.org/schema/beans":meta, "http://www.springframework.org/schema/beans":constructor-arg, "http://www.springframework.org/schema/beans":property, "http://www.springframework.org/schema/beans":qualifier, "http://www.springframework.org/schema/beans":lookup-method, "http://www.springframework.org/schema/beans":replaced-method, WC[##other:"http://www.springframework.org/schema/beans"]}' is expected.
	at com.sg.dvdlibrary.service.DVDLibraryServiceLayerTest.<init>(DVDLibraryServiceLayerTest.java:32)
Caused by: org.xml.sax.SAXParseException: cvc-complex-type.2.4.a: Invalid content was found starting with element '{"http://www.springframework.org/schema/beans":bean}'. One of '{"http://www.springframework.org/schema/beans":description, "http://www.springframework.org/schema/beans":meta, "http://www.springframework.org/schema/beans":constructor-arg, "http://www.springframework.org/schema/beans":property, "http://www.springframework.org/schema/beans":qualifier, "http://www.springframework.org/schema/beans":lookup-method, "http://www.springframework.org/schema/beans":replaced-method, WC[##other:"http://www.springframework.org/schema/beans"]}' is expected.
	at com.sg.dvdlibrary.service.DVDLibraryServiceLayerTest.<init>(DVDLibraryServiceLayerTest.java:32)
]]></error>
    <system-err><![CDATA[Feb 27, 2020 1:47:24 PM org.springframework.context.support.ClassPathXmlApplicationContext prepareRefresh
INFO: Refreshing org.springframework.context.support.ClassPathXmlApplicationContext@2abf4075: startup date [Thu Feb 27 13:47:24 CST 2020]; root of context hierarchy
Feb 27, 2020 1:47:24 PM org.springframework.beans.factory.xml.XmlBeanDefinitionReader loadBeanDefinitions
INFO: Loading XML bean definitions from class path resource [applicationContext.xml]
]]></system-err>
  </testcase>
  <testcase name="testCreateDVD" classname="com.sg.dvdlibrary.service.DVDLibraryServiceLayerTest" time="0.001">
    <error message="Line 27 in XML document from class path resource [applicationContext.xml] is invalid; nested exception is org.xml.sax.SAXParseException; lineNumber: 27; columnNumber: 62; cvc-complex-type.2.4.a: Invalid content was found starting with element &apos;{&quot;http://www.springframework.org/schema/beans&quot;:bean}&apos;. One of &apos;{&quot;http://www.springframework.org/schema/beans&quot;:description, &quot;http://www.springframework.org/schema/beans&quot;:meta, &quot;http://www.springframework.org/schema/beans&quot;:constructor-arg, &quot;http://www.springframework.org/schema/beans&quot;:property, &quot;http://www.springframework.org/schema/beans&quot;:qualifier, &quot;http://www.springframework.org/schema/beans&quot;:lookup-method, &quot;http://www.springframework.org/schema/beans&quot;:replaced-method, WC[##other:&quot;http://www.springframework.org/schema/beans&quot;]}&apos; is expected." type="org.springframework.beans.factory.xml.XmlBeanDefinitionStoreException"><![CDATA[org.springframework.beans.factory.xml.XmlBeanDefinitionStoreException: Line 27 in XML document from class path resource [applicationContext.xml] is invalid; nested exception is org.xml.sax.SAXParseException; lineNumber: 27; columnNumber: 62; cvc-complex-type.2.4.a: Invalid content was found starting with element '{"http://www.springframework.org/schema/beans":bean}'. One of '{"http://www.springframework.org/schema/beans":description, "http://www.springframework.org/schema/beans":meta, "http://www.springframework.org/schema/beans":constructor-arg, "http://www.springframework.org/schema/beans":property, "http://www.springframework.org/schema/beans":qualifier, "http://www.springframework.org/schema/beans":lookup-method, "http://www.springframework.org/schema/beans":replaced-method, WC[##other:"http://www.springframework.org/schema/beans"]}' is expected.
	at com.sg.dvdlibrary.service.DVDLibraryServiceLayerTest.<init>(DVDLibraryServiceLayerTest.java:32)
Caused by: org.xml.sax.SAXParseException: cvc-complex-type.2.4.a: Invalid content was found starting with element '{"http://www.springframework.org/schema/beans":bean}'. One of '{"http://www.springframework.org/schema/beans":description, "http://www.springframework.org/schema/beans":meta, "http://www.springframework.org/schema/beans":constructor-arg, "http://www.springframework.org/schema/beans":property, "http://www.springframework.org/schema/beans":qualifier, "http://www.springframework.org/schema/beans":lookup-method, "http://www.springframework.org/schema/beans":replaced-method, WC[##other:"http://www.springframework.org/schema/beans"]}' is expected.
	at com.sg.dvdlibrary.service.DVDLibraryServiceLayerTest.<init>(DVDLibraryServiceLayerTest.java:32)
]]></error>
    <system-err><![CDATA[Feb 27, 2020 1:47:24 PM org.springframework.context.support.ClassPathXmlApplicationContext prepareRefresh
INFO: Refreshing org.springframework.context.support.ClassPathXmlApplicationContext@3a6bb9bf: startup date [Thu Feb 27 13:47:24 CST 2020]; root of context hierarchy
Feb 27, 2020 1:47:24 PM org.springframework.beans.factory.xml.XmlBeanDefinitionReader loadBeanDefinitions
INFO: Loading XML bean definitions from class path resource [applicationContext.xml]
]]></system-err>
  </testcase>
  <testcase name="testGetDVD" classname="com.sg.dvdlibrary.service.DVDLibraryServiceLayerTest" time="0.002">
    <error message="Line 27 in XML document from class path resource [applicationContext.xml] is invalid; nested exception is org.xml.sax.SAXParseException; lineNumber: 27; columnNumber: 62; cvc-complex-type.2.4.a: Invalid content was found starting with element &apos;{&quot;http://www.springframework.org/schema/beans&quot;:bean}&apos;. One of &apos;{&quot;http://www.springframework.org/schema/beans&quot;:description, &quot;http://www.springframework.org/schema/beans&quot;:meta, &quot;http://www.springframework.org/schema/beans&quot;:constructor-arg, &quot;http://www.springframework.org/schema/beans&quot;:property, &quot;http://www.springframework.org/schema/beans&quot;:qualifier, &quot;http://www.springframework.org/schema/beans&quot;:lookup-method, &quot;http://www.springframework.org/schema/beans&quot;:replaced-method, WC[##other:&quot;http://www.springframework.org/schema/beans&quot;]}&apos; is expected." type="org.springframework.beans.factory.xml.XmlBeanDefinitionStoreException"><![CDATA[org.springframework.beans.factory.xml.XmlBeanDefinitionStoreException: Line 27 in XML document from class path resource [applicationContext.xml] is invalid; nested exception is org.xml.sax.SAXParseException; lineNumber: 27; columnNumber: 62; cvc-complex-type.2.4.a: Invalid content was found starting with element '{"http://www.springframework.org/schema/beans":bean}'. One of '{"http://www.springframework.org/schema/beans":description, "http://www.springframework.org/schema/beans":meta, "http://www.springframework.org/schema/beans":constructor-arg, "http://www.springframework.org/schema/beans":property, "http://www.springframework.org/schema/beans":qualifier, "http://www.springframework.org/schema/beans":lookup-method, "http://www.springframework.org/schema/beans":replaced-method, WC[##other:"http://www.springframework.org/schema/beans"]}' is expected.
	at com.sg.dvdlibrary.service.DVDLibraryServiceLayerTest.<init>(DVDLibraryServiceLayerTest.java:32)
Caused by: org.xml.sax.SAXParseException: cvc-complex-type.2.4.a: Invalid content was found starting with element '{"http://www.springframework.org/schema/beans":bean}'. One of '{"http://www.springframework.org/schema/beans":description, "http://www.springframework.org/schema/beans":meta, "http://www.springframework.org/schema/beans":constructor-arg, "http://www.springframework.org/schema/beans":property, "http://www.springframework.org/schema/beans":qualifier, "http://www.springframework.org/schema/beans":lookup-method, "http://www.springframework.org/schema/beans":replaced-method, WC[##other:"http://www.springframework.org/schema/beans"]}' is expected.
	at com.sg.dvdlibrary.service.DVDLibraryServiceLayerTest.<init>(DVDLibraryServiceLayerTest.java:32)
]]></error>
    <system-err><![CDATA[Feb 27, 2020 1:47:24 PM org.springframework.context.support.ClassPathXmlApplicationContext prepareRefresh
INFO: Refreshing org.springframework.context.support.ClassPathXmlApplicationContext@1eb5174b: startup date [Thu Feb 27 13:47:24 CST 2020]; root of context hierarchy
Feb 27, 2020 1:47:24 PM org.springframework.beans.factory.xml.XmlBeanDefinitionReader loadBeanDefinitions
INFO: Loading XML bean definitions from class path resource [applicationContext.xml]
]]></system-err>
  </testcase>
  <testcase name="testRemoveDVD" classname="com.sg.dvdlibrary.service.DVDLibraryServiceLayerTest" time="0.001">
    <error message="Line 27 in XML document from class path resource [applicationContext.xml] is invalid; nested exception is org.xml.sax.SAXParseException; lineNumber: 27; columnNumber: 62; cvc-complex-type.2.4.a: Invalid content was found starting with element &apos;{&quot;http://www.springframework.org/schema/beans&quot;:bean}&apos;. One of &apos;{&quot;http://www.springframework.org/schema/beans&quot;:description, &quot;http://www.springframework.org/schema/beans&quot;:meta, &quot;http://www.springframework.org/schema/beans&quot;:constructor-arg, &quot;http://www.springframework.org/schema/beans&quot;:property, &quot;http://www.springframework.org/schema/beans&quot;:qualifier, &quot;http://www.springframework.org/schema/beans&quot;:lookup-method, &quot;http://www.springframework.org/schema/beans&quot;:replaced-method, WC[##other:&quot;http://www.springframework.org/schema/beans&quot;]}&apos; is expected." type="org.springframework.beans.factory.xml.XmlBeanDefinitionStoreException"><![CDATA[org.springframework.beans.factory.xml.XmlBeanDefinitionStoreException: Line 27 in XML document from class path resource [applicationContext.xml] is invalid; nested exception is org.xml.sax.SAXParseException; lineNumber: 27; columnNumber: 62; cvc-complex-type.2.4.a: Invalid content was found starting with element '{"http://www.springframework.org/schema/beans":bean}'. One of '{"http://www.springframework.org/schema/beans":description, "http://www.springframework.org/schema/beans":meta, "http://www.springframework.org/schema/beans":constructor-arg, "http://www.springframework.org/schema/beans":property, "http://www.springframework.org/schema/beans":qualifier, "http://www.springframework.org/schema/beans":lookup-method, "http://www.springframework.org/schema/beans":replaced-method, WC[##other:"http://www.springframework.org/schema/beans"]}' is expected.
	at com.sg.dvdlibrary.service.DVDLibraryServiceLayerTest.<init>(DVDLibraryServiceLayerTest.java:32)
Caused by: org.xml.sax.SAXParseException: cvc-complex-type.2.4.a: Invalid content was found starting with element '{"http://www.springframework.org/schema/beans":bean}'. One of '{"http://www.springframework.org/schema/beans":description, "http://www.springframework.org/schema/beans":meta, "http://www.springframework.org/schema/beans":constructor-arg, "http://www.springframework.org/schema/beans":property, "http://www.springframework.org/schema/beans":qualifier, "http://www.springframework.org/schema/beans":lookup-method, "http://www.springframework.org/schema/beans":replaced-method, WC[##other:"http://www.springframework.org/schema/beans"]}' is expected.
	at com.sg.dvdlibrary.service.DVDLibraryServiceLayerTest.<init>(DVDLibraryServiceLayerTest.java:32)
]]></error>
    <system-err><![CDATA[Feb 27, 2020 1:47:24 PM org.springframework.context.support.ClassPathXmlApplicationContext prepareRefresh
INFO: Refreshing org.springframework.context.support.ClassPathXmlApplicationContext@625732: startup date [Thu Feb 27 13:47:24 CST 2020]; root of context hierarchy
Feb 27, 2020 1:47:24 PM org.springframework.beans.factory.xml.XmlBeanDefinitionReader loadBeanDefinitions
INFO: Loading XML bean definitions from class path resource [applicationContext.xml]
]]></system-err>
  </testcase>
</testsuite>